This file contains any messages produced by compilers while
running configure, to aid debugging if configure makes a mistake.

It was created by CADIAPlayer configure 3.0, which was
generated by GNU Autoconf 2.69.  Invocation command line was

  $ ./configure 

## --------- ##
## Platform. ##
## --------- ##

hostname = azhu8-VirtualBox
uname -m = x86_64
uname -r = 4.4.0-47-generic
uname -s = Linux
uname -v = #68-Ubuntu SMP Wed Oct 26 19:39:52 UTC 2016

/usr/bin/uname -p = unknown
/bin/uname -X     = unknown

/bin/arch              = unknown
/usr/bin/arch -k       = unknown
/usr/convex/getsysinfo = unknown
/usr/bin/hostinfo      = unknown
/bin/machine           = unknown
/usr/bin/oslevel       = unknown
/bin/universe          = unknown

PATH: /usr/local/heroku/bin
PATH: /usr/local/sbin
PATH: /usr/local/bin
PATH: /usr/sbin
PATH: /usr/bin
PATH: /sbin
PATH: /bin
PATH: /usr/games
PATH: /usr/local/games
PATH: /usr/local/java/jdk1.8.0_101/bin
PATH: /usr/local/java/jdk1.8.0_101/jre/bin


## ----------- ##
## Core tests. ##
## ----------- ##

configure:2467: checking for a BSD-compatible install
configure:2535: result: /usr/bin/install -c
configure:2546: checking whether build environment is sane
configure:2601: result: yes
configure:2752: checking for a thread-safe mkdir -p
configure:2791: result: /bin/mkdir -p
configure:2798: checking for gawk
configure:2828: result: no
configure:2798: checking for mawk
configure:2814: found /usr/bin/mawk
configure:2825: result: mawk
configure:2836: checking whether make sets $(MAKE)
configure:2858: result: yes
configure:2950: checking whether to enable assertions
configure:2968: result: yes
configure:3064: checking for g++
configure:3080: found /usr/bin/g++
configure:3091: result: g++
configure:3118: checking for C++ compiler version
configure:3127: g++ --version >&5
g++ (Ubuntu 5.4.0-6ubuntu1~16.04.4) 5.4.0 20160609
Copyright (C) 2015 Free Software Foundation, Inc.
This is free software; see the source for copying conditions.  There is NO
warranty; not even for MERCHANTABILITY or FITNESS FOR A PARTICULAR PURPOSE.

configure:3138: $? = 0
configure:3127: g++ -v >&5
Using built-in specs.
COLLECT_GCC=g++
COLLECT_LTO_WRAPPER=/usr/lib/gcc/x86_64-linux-gnu/5/lto-wrapper
Target: x86_64-linux-gnu
Configured with: ../src/configure -v --with-pkgversion='Ubuntu 5.4.0-6ubuntu1~16.04.4' --with-bugurl=file:///usr/share/doc/gcc-5/README.Bugs --enable-languages=c,ada,c++,java,go,d,fortran,objc,obj-c++ --prefix=/usr --program-suffix=-5 --enable-shared --enable-linker-build-id --libexecdir=/usr/lib --without-included-gettext --enable-threads=posix --libdir=/usr/lib --enable-nls --with-sysroot=/ --enable-clocale=gnu --enable-libstdcxx-debug --enable-libstdcxx-time=yes --with-default-libstdcxx-abi=new --enable-gnu-unique-object --disable-vtable-verify --enable-libmpx --enable-plugin --with-system-zlib --disable-browser-plugin --enable-java-awt=gtk --enable-gtk-cairo --with-java-home=/usr/lib/jvm/java-1.5.0-gcj-5-amd64/jre --enable-java-home --with-jvm-root-dir=/usr/lib/jvm/java-1.5.0-gcj-5-amd64 --with-jvm-jar-dir=/usr/lib/jvm-exports/java-1.5.0-gcj-5-amd64 --with-arch-directory=amd64 --with-ecj-jar=/usr/share/java/eclipse-ecj.jar --enable-objc-gc --enable-multiarch --disable-werror --with-arch-32=i686 --with-abi=m64 --with-multilib-list=m32,m64,mx32 --enable-multilib --with-tune=generic --enable-checking=release --build=x86_64-linux-gnu --host=x86_64-linux-gnu --target=x86_64-linux-gnu
Thread model: posix
gcc version 5.4.0 20160609 (Ubuntu 5.4.0-6ubuntu1~16.04.4) 
configure:3138: $? = 0
configure:3127: g++ -V >&5
g++: error: unrecognized command line option '-V'
g++: fatal error: no input files
compilation terminated.
configure:3138: $? = 1
configure:3127: g++ -qversion >&5
g++: error: unrecognized command line option '-qversion'
g++: fatal error: no input files
compilation terminated.
configure:3138: $? = 1
configure:3158: checking whether the C++ compiler works
configure:3180: g++    conftest.cpp  >&5
configure:3184: $? = 0
configure:3232: result: yes
configure:3235: checking for C++ compiler default output file name
configure:3237: result: a.out
configure:3243: checking for suffix of executables
configure:3250: g++ -o conftest    conftest.cpp  >&5
configure:3254: $? = 0
configure:3276: result: 
configure:3298: checking whether we are cross compiling
configure:3306: g++ -o conftest    conftest.cpp  >&5
configure:3310: $? = 0
configure:3317: ./conftest
configure:3321: $? = 0
configure:3336: result: no
configure:3341: checking for suffix of object files
configure:3363: g++ -c   conftest.cpp >&5
configure:3367: $? = 0
configure:3388: result: o
configure:3392: checking whether we are using the GNU C++ compiler
configure:3411: g++ -c   conftest.cpp >&5
configure:3411: $? = 0
configure:3420: result: yes
configure:3429: checking whether g++ accepts -g
configure:3449: g++ -c -g  conftest.cpp >&5
configure:3449: $? = 0
configure:3490: result: yes
configure:3524: checking for style of include used by make
configure:3552: result: GNU
configure:3578: checking dependency style of g++
configure:3689: result: gcc3
configure:3752: checking for gcc
configure:3768: found /usr/bin/gcc
configure:3779: result: gcc
configure:4008: checking for C compiler version
configure:4017: gcc --version >&5
gcc (Ubuntu 5.4.0-6ubuntu1~16.04.4) 5.4.0 20160609
Copyright (C) 2015 Free Software Foundation, Inc.
This is free software; see the source for copying conditions.  There is NO
warranty; not even for MERCHANTABILITY or FITNESS FOR A PARTICULAR PURPOSE.

configure:4028: $? = 0
configure:4017: gcc -v >&5
Using built-in specs.
COLLECT_GCC=gcc
COLLECT_LTO_WRAPPER=/usr/lib/gcc/x86_64-linux-gnu/5/lto-wrapper
Target: x86_64-linux-gnu
Configured with: ../src/configure -v --with-pkgversion='Ubuntu 5.4.0-6ubuntu1~16.04.4' --with-bugurl=file:///usr/share/doc/gcc-5/README.Bugs --enable-languages=c,ada,c++,java,go,d,fortran,objc,obj-c++ --prefix=/usr --program-suffix=-5 --enable-shared --enable-linker-build-id --libexecdir=/usr/lib --without-included-gettext --enable-threads=posix --libdir=/usr/lib --enable-nls --with-sysroot=/ --enable-clocale=gnu --enable-libstdcxx-debug --enable-libstdcxx-time=yes --with-default-libstdcxx-abi=new --enable-gnu-unique-object --disable-vtable-verify --enable-libmpx --enable-plugin --with-system-zlib --disable-browser-plugin --enable-java-awt=gtk --enable-gtk-cairo --with-java-home=/usr/lib/jvm/java-1.5.0-gcj-5-amd64/jre --enable-java-home --with-jvm-root-dir=/usr/lib/jvm/java-1.5.0-gcj-5-amd64 --with-jvm-jar-dir=/usr/lib/jvm-exports/java-1.5.0-gcj-5-amd64 --with-arch-directory=amd64 --with-ecj-jar=/usr/share/java/eclipse-ecj.jar --enable-objc-gc --enable-multiarch --disable-werror --with-arch-32=i686 --with-abi=m64 --with-multilib-list=m32,m64,mx32 --enable-multilib --with-tune=generic --enable-checking=release --build=x86_64-linux-gnu --host=x86_64-linux-gnu --target=x86_64-linux-gnu
Thread model: posix
gcc version 5.4.0 20160609 (Ubuntu 5.4.0-6ubuntu1~16.04.4) 
configure:4028: $? = 0
configure:4017: gcc -V >&5
gcc: error: unrecognized command line option '-V'
gcc: fatal error: no input files
compilation terminated.
configure:4028: $? = 1
configure:4017: gcc -qversion >&5
gcc: error: unrecognized command line option '-qversion'
gcc: fatal error: no input files
compilation terminated.
configure:4028: $? = 1
configure:4032: checking whether we are using the GNU C compiler
configure:4051: gcc -c   conftest.c >&5
configure:4051: $? = 0
configure:4060: result: yes
configure:4069: checking whether gcc accepts -g
configure:4089: gcc -c -g  conftest.c >&5
configure:4089: $? = 0
configure:4130: result: yes
configure:4147: checking for gcc option to accept ISO C89
configure:4210: gcc  -c -g -O2  conftest.c >&5
configure:4210: $? = 0
configure:4223: result: none needed
configure:4245: checking dependency style of gcc
configure:4356: result: gcc3
configure:4376: checking for flex
configure:4406: result: no
configure:4376: checking for lex
configure:4406: result: no
configure:4574: checking for ranlib
configure:4590: found /usr/local/bin/ranlib
configure:4601: result: ranlib
configure:4675: checking for boostlib >= 1.20.0
configure:4729: g++ -c -g -O2   conftest.cpp >&5
conftest.cpp:13:30: fatal error: boost/version.hpp: No such file or directory
compilation terminated.
configure:4729: $? = 1
configure: failed program was:
| /* confdefs.h */
| #define PACKAGE_NAME "CADIAPlayer"
| #define PACKAGE_TARNAME "cadiaplayer"
| #define PACKAGE_VERSION "3.0"
| #define PACKAGE_STRING "CADIAPlayer 3.0"
| #define PACKAGE_BUGREPORT "hif@ru.is"
| #define PACKAGE_URL ""
| #define PACKAGE "cadiaplayer"
| #define VERSION "3.0"
| #define LINUX 1
| /* end confdefs.h.  */
| 
| 	#include <boost/version.hpp>
| 
| int
| main ()
| {
| 
| 	#if BOOST_VERSION >= 102000
| 	// Everything is okay
| 	#else
| 	#  error Boost version is too old
| 	#endif
| 
|   ;
|   return 0;
| }
configure:4789: We will use a staged boost library from /home/azhu8/Documents/DM425/boost_1_60_0
configure:4828: g++ -c -g -O2   -I/home/azhu8/Documents/DM425/boost_1_60_0 conftest.cpp >&5
configure:4828: $? = 0
configure:4830: result: yes
configure:4869: checking build system type
configure:4883: result: x86_64-unknown-linux-gnu
configure:4935: checking whether the Boost::System library is available
configure:4959: g++ -c -g -O2  -I/home/azhu8/Documents/DM425/boost_1_60_0 conftest.cpp >&5
configure:4959: $? = 0
configure:4974: result: yes
configure:4989: checking for exit in -lboost_system
configure:5014: gcc -o conftest -g -O2  -I/home/azhu8/Documents/DM425/boost_1_60_0  -L/home/azhu8/Documents/DM425/boost_1_60_0/stage/lib conftest.c -lboost_system   >&5
conftest.c:21:6: warning: conflicting types for built-in function 'exit'
 char exit ();
      ^
configure:5014: $? = 0
configure:5024: result: yes
configure:5141: checking for __gmpz_init in -lgmp
configure:5166: gcc -o conftest -g -O2   conftest.c -lgmp   >&5
configure:5166: $? = 0
configure:5175: result: yes
configure:5188: checking for tputs in -lncurses
configure:5213: gcc -o conftest -g -O2   conftest.c -lncurses  -lgmp  >&5
configure:5213: $? = 0
configure:5222: result: yes
configure:5235: checking for readline in -lreadline
configure:5260: gcc -o conftest -g -O2   conftest.c -lreadline  -lncurses -lgmp  >&5
configure:5260: $? = 0
configure:5269: result: yes
configure:5282: checking for fetestexcept in -lm
configure:5307: gcc -o conftest -g -O2   conftest.c -lm  -lreadline -lncurses -lgmp  >&5
configure:5307: $? = 0
configure:5316: result: yes
configure:5329: checking for dlopen in -ldl
configure:5354: gcc -o conftest -g -O2   conftest.c -ldl  -lm -lreadline -lncurses -lgmp  >&5
configure:5354: $? = 0
configure:5363: result: yes
configure:5442: checking for YAP_MkVarTerm in -lYap
configure:5467: gcc -o conftest -g -O2   conftest.c -lYap  -ldl -lm -lreadline -lncurses -lgmp  >&5
configure:5467: $? = 0
configure:5476: result: yes
configure:5533: checking how to run the C preprocessor
configure:5564: gcc -E  conftest.c
configure:5564: $? = 0
configure:5578: gcc -E  conftest.c
conftest.c:22:28: fatal error: ac_nonexistent.h: No such file or directory
compilation terminated.
configure:5578: $? = 1
configure: failed program was:
| /* confdefs.h */
| #define PACKAGE_NAME "CADIAPlayer"
| #define PACKAGE_TARNAME "cadiaplayer"
| #define PACKAGE_VERSION "3.0"
| #define PACKAGE_STRING "CADIAPlayer 3.0"
| #define PACKAGE_BUGREPORT "hif@ru.is"
| #define PACKAGE_URL ""
| #define PACKAGE "cadiaplayer"
| #define VERSION "3.0"
| #define LINUX 1
| #define HAVE_BOOST /**/
| #define HAVE_BOOST_SYSTEM /**/
| #define HAVE_LIBGMP 1
| #define HAVE_LIBNCURSES 1
| #define HAVE_LIBREADLINE 1
| #define HAVE_LIBM 1
| #define HAVE_LIBDL 1
| #define HAVE_LIBYAP 1
| #define USE_YAP 1
| #define USE_BREAKTHROUGH 1
| /* end confdefs.h.  */
| #include <ac_nonexistent.h>
configure:5603: result: gcc -E
configure:5623: gcc -E  conftest.c
configure:5623: $? = 0
configure:5637: gcc -E  conftest.c
conftest.c:22:28: fatal error: ac_nonexistent.h: No such file or directory
compilation terminated.
configure:5637: $? = 1
configure: failed program was:
| /* confdefs.h */
| #define PACKAGE_NAME "CADIAPlayer"
| #define PACKAGE_TARNAME "cadiaplayer"
| #define PACKAGE_VERSION "3.0"
| #define PACKAGE_STRING "CADIAPlayer 3.0"
| #define PACKAGE_BUGREPORT "hif@ru.is"
| #define PACKAGE_URL ""
| #define PACKAGE "cadiaplayer"
| #define VERSION "3.0"
| #define LINUX 1
| #define HAVE_BOOST /**/
| #define HAVE_BOOST_SYSTEM /**/
| #define HAVE_LIBGMP 1
| #define HAVE_LIBNCURSES 1
| #define HAVE_LIBREADLINE 1
| #define HAVE_LIBM 1
| #define HAVE_LIBDL 1
| #define HAVE_LIBYAP 1
| #define USE_YAP 1
| #define USE_BREAKTHROUGH 1
| /* end confdefs.h.  */
| #include <ac_nonexistent.h>
configure:5666: checking for grep that handles long lines and -e
configure:5724: result: /bin/grep
configure:5729: checking for egrep
configure:5791: result: /bin/grep -E
configure:5796: checking for ANSI C header files
configure:5816: gcc -c -g -O2  conftest.c >&5
configure:5816: $? = 0
configure:5889: gcc -o conftest -g -O2   conftest.c -lYap -ldl -lm -lreadline -lncurses -lgmp  >&5
configure:5889: $? = 0
configure:5889: ./conftest
configure:5889: $? = 0
configure:5900: result: yes
configure:5913: checking for sys/types.h
configure:5913: gcc -c -g -O2  conftest.c >&5
configure:5913: $? = 0
configure:5913: result: yes
configure:5913: checking for sys/stat.h
configure:5913: gcc -c -g -O2  conftest.c >&5
configure:5913: $? = 0
configure:5913: result: yes
configure:5913: checking for stdlib.h
configure:5913: gcc -c -g -O2  conftest.c >&5
configure:5913: $? = 0
configure:5913: result: yes
configure:5913: checking for string.h
configure:5913: gcc -c -g -O2  conftest.c >&5
configure:5913: $? = 0
configure:5913: result: yes
configure:5913: checking for memory.h
configure:5913: gcc -c -g -O2  conftest.c >&5
configure:5913: $? = 0
configure:5913: result: yes
configure:5913: checking for strings.h
configure:5913: gcc -c -g -O2  conftest.c >&5
configure:5913: $? = 0
configure:5913: result: yes
configure:5913: checking for inttypes.h
configure:5913: gcc -c -g -O2  conftest.c >&5
configure:5913: $? = 0
configure:5913: result: yes
configure:5913: checking for stdint.h
configure:5913: gcc -c -g -O2  conftest.c >&5
configure:5913: $? = 0
configure:5913: result: yes
configure:5913: checking for unistd.h
configure:5913: gcc -c -g -O2  conftest.c >&5
configure:5913: $? = 0
configure:5913: result: yes
configure:5928: checking fcntl.h usability
configure:5928: gcc -c -g -O2  conftest.c >&5
configure:5928: $? = 0
configure:5928: result: yes
configure:5928: checking fcntl.h presence
configure:5928: gcc -E  conftest.c
configure:5928: $? = 0
configure:5928: result: yes
configure:5928: checking for fcntl.h
configure:5928: result: yes
configure:5928: checking for inttypes.h
configure:5928: result: yes
configure:5928: checking for memory.h
configure:5928: result: yes
configure:5928: checking stddef.h usability
configure:5928: gcc -c -g -O2  conftest.c >&5
configure:5928: $? = 0
configure:5928: result: yes
configure:5928: checking stddef.h presence
configure:5928: gcc -E  conftest.c
configure:5928: $? = 0
configure:5928: result: yes
configure:5928: checking for stddef.h
configure:5928: result: yes
configure:5928: checking for stdint.h
configure:5928: result: yes
configure:5928: checking for stdlib.h
configure:5928: result: yes
configure:5928: checking for string.h
configure:5928: result: yes
configure:5928: checking for unistd.h
configure:5928: result: yes
configure:5953: checking for stdbool.h that conforms to C99
configure:6020: gcc -c -g -O2  conftest.c >&5
configure:6020: $? = 0
configure:6027: result: yes
configure:6029: checking for _Bool
configure:6029: gcc -c -g -O2  conftest.c >&5
configure:6029: $? = 0
configure:6029: gcc -c -g -O2  conftest.c >&5
conftest.c: In function 'main':
conftest.c:76:20: error: expected expression before ')' token
 if (sizeof ((_Bool)))
                    ^
configure:6029: $? = 1
configure: failed program was:
| /* confdefs.h */
| #define PACKAGE_NAME "CADIAPlayer"
| #define PACKAGE_TARNAME "cadiaplayer"
| #define PACKAGE_VERSION "3.0"
| #define PACKAGE_STRING "CADIAPlayer 3.0"
| #define PACKAGE_BUGREPORT "hif@ru.is"
| #define PACKAGE_URL ""
| #define PACKAGE "cadiaplayer"
| #define VERSION "3.0"
| #define LINUX 1
| #define HAVE_BOOST /**/
| #define HAVE_BOOST_SYSTEM /**/
| #define HAVE_LIBGMP 1
| #define HAVE_LIBNCURSES 1
| #define HAVE_LIBREADLINE 1
| #define HAVE_LIBM 1
| #define HAVE_LIBDL 1
| #define HAVE_LIBYAP 1
| #define USE_YAP 1
| #define USE_BREAKTHROUGH 1
| #define STDC_HEADERS 1
| #define HAVE_SYS_TYPES_H 1
| #define HAVE_SYS_STAT_H 1
| #define HAVE_STDLIB_H 1
| #define HAVE_STRING_H 1
| #define HAVE_MEMORY_H 1
| #define HAVE_STRINGS_H 1
| #define HAVE_INTTYPES_H 1
| #define HAVE_STDINT_H 1
| #define HAVE_UNISTD_H 1
| #define HAVE_FCNTL_H 1
| #define HAVE_INTTYPES_H 1
| #define HAVE_MEMORY_H 1
| #define HAVE_STDDEF_H 1
| #define HAVE_STDINT_H 1
| #define HAVE_STDLIB_H 1
| #define HAVE_STRING_H 1
| #define HAVE_UNISTD_H 1
| /* end confdefs.h.  */
| #include <stdio.h>
| #ifdef HAVE_SYS_TYPES_H
| # include <sys/types.h>
| #endif
| #ifdef HAVE_SYS_STAT_H
| # include <sys/stat.h>
| #endif
| #ifdef STDC_HEADERS
| # include <stdlib.h>
| # include <stddef.h>
| #else
| # ifdef HAVE_STDLIB_H
| #  include <stdlib.h>
| # endif
| #endif
| #ifdef HAVE_STRING_H
| # if !defined STDC_HEADERS && defined HAVE_MEMORY_H
| #  include <memory.h>
| # endif
| # include <string.h>
| #endif
| #ifdef HAVE_STRINGS_H
| # include <strings.h>
| #endif
| #ifdef HAVE_INTTYPES_H
| # include <inttypes.h>
| #endif
| #ifdef HAVE_STDINT_H
| # include <stdint.h>
| #endif
| #ifdef HAVE_UNISTD_H
| # include <unistd.h>
| #endif
| int
| main ()
| {
| if (sizeof ((_Bool)))
| 	    return 0;
|   ;
|   return 0;
| }
configure:6029: result: yes
configure:6046: checking for inline
configure:6062: gcc -c -g -O2  conftest.c >&5
configure:6062: $? = 0
configure:6070: result: inline
configure:6088: checking for int16_t
configure:6088: gcc -c -g -O2  conftest.c >&5
configure:6088: $? = 0
configure:6088: gcc -c -g -O2  conftest.c >&5
conftest.c: In function 'main':
conftest.c:79:12: error: size of array 'test_array' is negative
 static int test_array [1 - 2 * !((int16_t) (((((int16_t) 1 << N) << N) - 1) * 2 + 1)
            ^
configure:6088: $? = 1
configure: failed program was:
| /* confdefs.h */
| #define PACKAGE_NAME "CADIAPlayer"
| #define PACKAGE_TARNAME "cadiaplayer"
| #define PACKAGE_VERSION "3.0"
| #define PACKAGE_STRING "CADIAPlayer 3.0"
| #define PACKAGE_BUGREPORT "hif@ru.is"
| #define PACKAGE_URL ""
| #define PACKAGE "cadiaplayer"
| #define VERSION "3.0"
| #define LINUX 1
| #define HAVE_BOOST /**/
| #define HAVE_BOOST_SYSTEM /**/
| #define HAVE_LIBGMP 1
| #define HAVE_LIBNCURSES 1
| #define HAVE_LIBREADLINE 1
| #define HAVE_LIBM 1
| #define HAVE_LIBDL 1
| #define HAVE_LIBYAP 1
| #define USE_YAP 1
| #define USE_BREAKTHROUGH 1
| #define STDC_HEADERS 1
| #define HAVE_SYS_TYPES_H 1
| #define HAVE_SYS_STAT_H 1
| #define HAVE_STDLIB_H 1
| #define HAVE_STRING_H 1
| #define HAVE_MEMORY_H 1
| #define HAVE_STRINGS_H 1
| #define HAVE_INTTYPES_H 1
| #define HAVE_STDINT_H 1
| #define HAVE_UNISTD_H 1
| #define HAVE_FCNTL_H 1
| #define HAVE_INTTYPES_H 1
| #define HAVE_MEMORY_H 1
| #define HAVE_STDDEF_H 1
| #define HAVE_STDINT_H 1
| #define HAVE_STDLIB_H 1
| #define HAVE_STRING_H 1
| #define HAVE_UNISTD_H 1
| #define HAVE__BOOL 1
| #define HAVE_STDBOOL_H 1
| /* end confdefs.h.  */
| #include <stdio.h>
| #ifdef HAVE_SYS_TYPES_H
| # include <sys/types.h>
| #endif
| #ifdef HAVE_SYS_STAT_H
| # include <sys/stat.h>
| #endif
| #ifdef STDC_HEADERS
| # include <stdlib.h>
| # include <stddef.h>
| #else
| # ifdef HAVE_STDLIB_H
| #  include <stdlib.h>
| # endif
| #endif
| #ifdef HAVE_STRING_H
| # if !defined STDC_HEADERS && defined HAVE_MEMORY_H
| #  include <memory.h>
| # endif
| # include <string.h>
| #endif
| #ifdef HAVE_STRINGS_H
| # include <strings.h>
| #endif
| #ifdef HAVE_INTTYPES_H
| # include <inttypes.h>
| #endif
| #ifdef HAVE_STDINT_H
| # include <stdint.h>
| #endif
| #ifdef HAVE_UNISTD_H
| # include <unistd.h>
| #endif
| 	        enum { N = 16 / 2 - 1 };
| int
| main ()
| {
| static int test_array [1 - 2 * !((int16_t) (((((int16_t) 1 << N) << N) - 1) * 2 + 1)
| 		 < (int16_t) (((((int16_t) 1 << N) << N) - 1) * 2 + 2))];
| test_array [0] = 0;
| return test_array [0];
| 
|   ;
|   return 0;
| }
configure:6088: result: yes
configure:6099: checking for int32_t
configure:6099: gcc -c -g -O2  conftest.c >&5
configure:6099: $? = 0
configure:6099: gcc -c -g -O2  conftest.c >&5
conftest.c: In function 'main':
conftest.c:80:53: warning: integer overflow in expression [-Woverflow]
    < (int32_t) (((((int32_t) 1 << N) << N) - 1) * 2 + 2))];
                                                     ^
conftest.c:79:12: error: storage size of 'test_array' isn't constant
 static int test_array [1 - 2 * !((int32_t) (((((int32_t) 1 << N) << N) - 1) * 2 + 1)
            ^
configure:6099: $? = 1
configure: failed program was:
| /* confdefs.h */
| #define PACKAGE_NAME "CADIAPlayer"
| #define PACKAGE_TARNAME "cadiaplayer"
| #define PACKAGE_VERSION "3.0"
| #define PACKAGE_STRING "CADIAPlayer 3.0"
| #define PACKAGE_BUGREPORT "hif@ru.is"
| #define PACKAGE_URL ""
| #define PACKAGE "cadiaplayer"
| #define VERSION "3.0"
| #define LINUX 1
| #define HAVE_BOOST /**/
| #define HAVE_BOOST_SYSTEM /**/
| #define HAVE_LIBGMP 1
| #define HAVE_LIBNCURSES 1
| #define HAVE_LIBREADLINE 1
| #define HAVE_LIBM 1
| #define HAVE_LIBDL 1
| #define HAVE_LIBYAP 1
| #define USE_YAP 1
| #define USE_BREAKTHROUGH 1
| #define STDC_HEADERS 1
| #define HAVE_SYS_TYPES_H 1
| #define HAVE_SYS_STAT_H 1
| #define HAVE_STDLIB_H 1
| #define HAVE_STRING_H 1
| #define HAVE_MEMORY_H 1
| #define HAVE_STRINGS_H 1
| #define HAVE_INTTYPES_H 1
| #define HAVE_STDINT_H 1
| #define HAVE_UNISTD_H 1
| #define HAVE_FCNTL_H 1
| #define HAVE_INTTYPES_H 1
| #define HAVE_MEMORY_H 1
| #define HAVE_STDDEF_H 1
| #define HAVE_STDINT_H 1
| #define HAVE_STDLIB_H 1
| #define HAVE_STRING_H 1
| #define HAVE_UNISTD_H 1
| #define HAVE__BOOL 1
| #define HAVE_STDBOOL_H 1
| /* end confdefs.h.  */
| #include <stdio.h>
| #ifdef HAVE_SYS_TYPES_H
| # include <sys/types.h>
| #endif
| #ifdef HAVE_SYS_STAT_H
| # include <sys/stat.h>
| #endif
| #ifdef STDC_HEADERS
| # include <stdlib.h>
| # include <stddef.h>
| #else
| # ifdef HAVE_STDLIB_H
| #  include <stdlib.h>
| # endif
| #endif
| #ifdef HAVE_STRING_H
| # if !defined STDC_HEADERS && defined HAVE_MEMORY_H
| #  include <memory.h>
| # endif
| # include <string.h>
| #endif
| #ifdef HAVE_STRINGS_H
| # include <strings.h>
| #endif
| #ifdef HAVE_INTTYPES_H
| # include <inttypes.h>
| #endif
| #ifdef HAVE_STDINT_H
| # include <stdint.h>
| #endif
| #ifdef HAVE_UNISTD_H
| # include <unistd.h>
| #endif
| 	        enum { N = 32 / 2 - 1 };
| int
| main ()
| {
| static int test_array [1 - 2 * !((int32_t) (((((int32_t) 1 << N) << N) - 1) * 2 + 1)
| 		 < (int32_t) (((((int32_t) 1 << N) << N) - 1) * 2 + 2))];
| test_array [0] = 0;
| return test_array [0];
| 
|   ;
|   return 0;
| }
configure:6099: result: yes
configure:6110: checking for int8_t
configure:6110: gcc -c -g -O2  conftest.c >&5
configure:6110: $? = 0
configure:6110: gcc -c -g -O2  conftest.c >&5
conftest.c: In function 'main':
conftest.c:79:12: error: size of array 'test_array' is negative
 static int test_array [1 - 2 * !((int8_t) (((((int8_t) 1 << N) << N) - 1) * 2 + 1)
            ^
configure:6110: $? = 1
configure: failed program was:
| /* confdefs.h */
| #define PACKAGE_NAME "CADIAPlayer"
| #define PACKAGE_TARNAME "cadiaplayer"
| #define PACKAGE_VERSION "3.0"
| #define PACKAGE_STRING "CADIAPlayer 3.0"
| #define PACKAGE_BUGREPORT "hif@ru.is"
| #define PACKAGE_URL ""
| #define PACKAGE "cadiaplayer"
| #define VERSION "3.0"
| #define LINUX 1
| #define HAVE_BOOST /**/
| #define HAVE_BOOST_SYSTEM /**/
| #define HAVE_LIBGMP 1
| #define HAVE_LIBNCURSES 1
| #define HAVE_LIBREADLINE 1
| #define HAVE_LIBM 1
| #define HAVE_LIBDL 1
| #define HAVE_LIBYAP 1
| #define USE_YAP 1
| #define USE_BREAKTHROUGH 1
| #define STDC_HEADERS 1
| #define HAVE_SYS_TYPES_H 1
| #define HAVE_SYS_STAT_H 1
| #define HAVE_STDLIB_H 1
| #define HAVE_STRING_H 1
| #define HAVE_MEMORY_H 1
| #define HAVE_STRINGS_H 1
| #define HAVE_INTTYPES_H 1
| #define HAVE_STDINT_H 1
| #define HAVE_UNISTD_H 1
| #define HAVE_FCNTL_H 1
| #define HAVE_INTTYPES_H 1
| #define HAVE_MEMORY_H 1
| #define HAVE_STDDEF_H 1
| #define HAVE_STDINT_H 1
| #define HAVE_STDLIB_H 1
| #define HAVE_STRING_H 1
| #define HAVE_UNISTD_H 1
| #define HAVE__BOOL 1
| #define HAVE_STDBOOL_H 1
| /* end confdefs.h.  */
| #include <stdio.h>
| #ifdef HAVE_SYS_TYPES_H
| # include <sys/types.h>
| #endif
| #ifdef HAVE_SYS_STAT_H
| # include <sys/stat.h>
| #endif
| #ifdef STDC_HEADERS
| # include <stdlib.h>
| # include <stddef.h>
| #else
| # ifdef HAVE_STDLIB_H
| #  include <stdlib.h>
| # endif
| #endif
| #ifdef HAVE_STRING_H
| # if !defined STDC_HEADERS && defined HAVE_MEMORY_H
| #  include <memory.h>
| # endif
| # include <string.h>
| #endif
| #ifdef HAVE_STRINGS_H
| # include <strings.h>
| #endif
| #ifdef HAVE_INTTYPES_H
| # include <inttypes.h>
| #endif
| #ifdef HAVE_STDINT_H
| # include <stdint.h>
| #endif
| #ifdef HAVE_UNISTD_H
| # include <unistd.h>
| #endif
| 	        enum { N = 8 / 2 - 1 };
| int
| main ()
| {
| static int test_array [1 - 2 * !((int8_t) (((((int8_t) 1 << N) << N) - 1) * 2 + 1)
| 		 < (int8_t) (((((int8_t) 1 << N) << N) - 1) * 2 + 2))];
| test_array [0] = 0;
| return test_array [0];
| 
|   ;
|   return 0;
| }
configure:6110: result: yes
configure:6121: checking for size_t
configure:6121: gcc -c -g -O2  conftest.c >&5
configure:6121: $? = 0
configure:6121: gcc -c -g -O2  conftest.c >&5
conftest.c: In function 'main':
conftest.c:78:21: error: expected expression before ')' token
 if (sizeof ((size_t)))
                     ^
configure:6121: $? = 1
configure: failed program was:
| /* confdefs.h */
| #define PACKAGE_NAME "CADIAPlayer"
| #define PACKAGE_TARNAME "cadiaplayer"
| #define PACKAGE_VERSION "3.0"
| #define PACKAGE_STRING "CADIAPlayer 3.0"
| #define PACKAGE_BUGREPORT "hif@ru.is"
| #define PACKAGE_URL ""
| #define PACKAGE "cadiaplayer"
| #define VERSION "3.0"
| #define LINUX 1
| #define HAVE_BOOST /**/
| #define HAVE_BOOST_SYSTEM /**/
| #define HAVE_LIBGMP 1
| #define HAVE_LIBNCURSES 1
| #define HAVE_LIBREADLINE 1
| #define HAVE_LIBM 1
| #define HAVE_LIBDL 1
| #define HAVE_LIBYAP 1
| #define USE_YAP 1
| #define USE_BREAKTHROUGH 1
| #define STDC_HEADERS 1
| #define HAVE_SYS_TYPES_H 1
| #define HAVE_SYS_STAT_H 1
| #define HAVE_STDLIB_H 1
| #define HAVE_STRING_H 1
| #define HAVE_MEMORY_H 1
| #define HAVE_STRINGS_H 1
| #define HAVE_INTTYPES_H 1
| #define HAVE_STDINT_H 1
| #define HAVE_UNISTD_H 1
| #define HAVE_FCNTL_H 1
| #define HAVE_INTTYPES_H 1
| #define HAVE_MEMORY_H 1
| #define HAVE_STDDEF_H 1
| #define HAVE_STDINT_H 1
| #define HAVE_STDLIB_H 1
| #define HAVE_STRING_H 1
| #define HAVE_UNISTD_H 1
| #define HAVE__BOOL 1
| #define HAVE_STDBOOL_H 1
| /* end confdefs.h.  */
| #include <stdio.h>
| #ifdef HAVE_SYS_TYPES_H
| # include <sys/types.h>
| #endif
| #ifdef HAVE_SYS_STAT_H
| # include <sys/stat.h>
| #endif
| #ifdef STDC_HEADERS
| # include <stdlib.h>
| # include <stddef.h>
| #else
| # ifdef HAVE_STDLIB_H
| #  include <stdlib.h>
| # endif
| #endif
| #ifdef HAVE_STRING_H
| # if !defined STDC_HEADERS && defined HAVE_MEMORY_H
| #  include <memory.h>
| # endif
| # include <string.h>
| #endif
| #ifdef HAVE_STRINGS_H
| # include <strings.h>
| #endif
| #ifdef HAVE_INTTYPES_H
| # include <inttypes.h>
| #endif
| #ifdef HAVE_STDINT_H
| # include <stdint.h>
| #endif
| #ifdef HAVE_UNISTD_H
| # include <unistd.h>
| #endif
| int
| main ()
| {
| if (sizeof ((size_t)))
| 	    return 0;
|   ;
|   return 0;
| }
configure:6121: result: yes
configure:6132: checking for uint16_t
configure:6132: gcc -c -g -O2  conftest.c >&5
configure:6132: $? = 0
configure:6132: result: yes
configure:6144: checking for uint32_t
configure:6144: gcc -c -g -O2  conftest.c >&5
configure:6144: $? = 0
configure:6144: result: yes
configure:6158: checking for uint64_t
configure:6158: gcc -c -g -O2  conftest.c >&5
configure:6158: $? = 0
configure:6158: result: yes
configure:6172: checking for uint8_t
configure:6172: gcc -c -g -O2  conftest.c >&5
configure:6172: $? = 0
configure:6172: result: yes
configure:6189: checking for error_at_line
configure:6205: gcc -o conftest -g -O2   conftest.c -lYap -ldl -lm -lreadline -lncurses -lgmp  >&5
configure:6205: $? = 0
configure:6213: result: yes
configure:6224: checking for pid_t
configure:6224: gcc -c -g -O2  conftest.c >&5
configure:6224: $? = 0
configure:6224: gcc -c -g -O2  conftest.c >&5
conftest.c: In function 'main':
conftest.c:78:20: error: expected expression before ')' token
 if (sizeof ((pid_t)))
                    ^
configure:6224: $? = 1
configure: failed program was:
| /* confdefs.h */
| #define PACKAGE_NAME "CADIAPlayer"
| #define PACKAGE_TARNAME "cadiaplayer"
| #define PACKAGE_VERSION "3.0"
| #define PACKAGE_STRING "CADIAPlayer 3.0"
| #define PACKAGE_BUGREPORT "hif@ru.is"
| #define PACKAGE_URL ""
| #define PACKAGE "cadiaplayer"
| #define VERSION "3.0"
| #define LINUX 1
| #define HAVE_BOOST /**/
| #define HAVE_BOOST_SYSTEM /**/
| #define HAVE_LIBGMP 1
| #define HAVE_LIBNCURSES 1
| #define HAVE_LIBREADLINE 1
| #define HAVE_LIBM 1
| #define HAVE_LIBDL 1
| #define HAVE_LIBYAP 1
| #define USE_YAP 1
| #define USE_BREAKTHROUGH 1
| #define STDC_HEADERS 1
| #define HAVE_SYS_TYPES_H 1
| #define HAVE_SYS_STAT_H 1
| #define HAVE_STDLIB_H 1
| #define HAVE_STRING_H 1
| #define HAVE_MEMORY_H 1
| #define HAVE_STRINGS_H 1
| #define HAVE_INTTYPES_H 1
| #define HAVE_STDINT_H 1
| #define HAVE_UNISTD_H 1
| #define HAVE_FCNTL_H 1
| #define HAVE_INTTYPES_H 1
| #define HAVE_MEMORY_H 1
| #define HAVE_STDDEF_H 1
| #define HAVE_STDINT_H 1
| #define HAVE_STDLIB_H 1
| #define HAVE_STRING_H 1
| #define HAVE_UNISTD_H 1
| #define HAVE__BOOL 1
| #define HAVE_STDBOOL_H 1
| /* end confdefs.h.  */
| #include <stdio.h>
| #ifdef HAVE_SYS_TYPES_H
| # include <sys/types.h>
| #endif
| #ifdef HAVE_SYS_STAT_H
| # include <sys/stat.h>
| #endif
| #ifdef STDC_HEADERS
| # include <stdlib.h>
| # include <stddef.h>
| #else
| # ifdef HAVE_STDLIB_H
| #  include <stdlib.h>
| # endif
| #endif
| #ifdef HAVE_STRING_H
| # if !defined STDC_HEADERS && defined HAVE_MEMORY_H
| #  include <memory.h>
| # endif
| # include <string.h>
| #endif
| #ifdef HAVE_STRINGS_H
| # include <strings.h>
| #endif
| #ifdef HAVE_INTTYPES_H
| # include <inttypes.h>
| #endif
| #ifdef HAVE_STDINT_H
| # include <stdint.h>
| #endif
| #ifdef HAVE_UNISTD_H
| # include <unistd.h>
| #endif
| int
| main ()
| {
| if (sizeof ((pid_t)))
| 	    return 0;
|   ;
|   return 0;
| }
configure:6224: result: yes
configure:6237: checking vfork.h usability
configure:6237: gcc -c -g -O2  conftest.c >&5
conftest.c:75:19: fatal error: vfork.h: No such file or directory
compilation terminated.
configure:6237: $? = 1
configure: failed program was:
| /* confdefs.h */
| #define PACKAGE_NAME "CADIAPlayer"
| #define PACKAGE_TARNAME "cadiaplayer"
| #define PACKAGE_VERSION "3.0"
| #define PACKAGE_STRING "CADIAPlayer 3.0"
| #define PACKAGE_BUGREPORT "hif@ru.is"
| #define PACKAGE_URL ""
| #define PACKAGE "cadiaplayer"
| #define VERSION "3.0"
| #define LINUX 1
| #define HAVE_BOOST /**/
| #define HAVE_BOOST_SYSTEM /**/
| #define HAVE_LIBGMP 1
| #define HAVE_LIBNCURSES 1
| #define HAVE_LIBREADLINE 1
| #define HAVE_LIBM 1
| #define HAVE_LIBDL 1
| #define HAVE_LIBYAP 1
| #define USE_YAP 1
| #define USE_BREAKTHROUGH 1
| #define STDC_HEADERS 1
| #define HAVE_SYS_TYPES_H 1
| #define HAVE_SYS_STAT_H 1
| #define HAVE_STDLIB_H 1
| #define HAVE_STRING_H 1
| #define HAVE_MEMORY_H 1
| #define HAVE_STRINGS_H 1
| #define HAVE_INTTYPES_H 1
| #define HAVE_STDINT_H 1
| #define HAVE_UNISTD_H 1
| #define HAVE_FCNTL_H 1
| #define HAVE_INTTYPES_H 1
| #define HAVE_MEMORY_H 1
| #define HAVE_STDDEF_H 1
| #define HAVE_STDINT_H 1
| #define HAVE_STDLIB_H 1
| #define HAVE_STRING_H 1
| #define HAVE_UNISTD_H 1
| #define HAVE__BOOL 1
| #define HAVE_STDBOOL_H 1
| /* end confdefs.h.  */
| #include <stdio.h>
| #ifdef HAVE_SYS_TYPES_H
| # include <sys/types.h>
| #endif
| #ifdef HAVE_SYS_STAT_H
| # include <sys/stat.h>
| #endif
| #ifdef STDC_HEADERS
| # include <stdlib.h>
| # include <stddef.h>
| #else
| # ifdef HAVE_STDLIB_H
| #  include <stdlib.h>
| # endif
| #endif
| #ifdef HAVE_STRING_H
| # if !defined STDC_HEADERS && defined HAVE_MEMORY_H
| #  include <memory.h>
| # endif
| # include <string.h>
| #endif
| #ifdef HAVE_STRINGS_H
| # include <strings.h>
| #endif
| #ifdef HAVE_INTTYPES_H
| # include <inttypes.h>
| #endif
| #ifdef HAVE_STDINT_H
| # include <stdint.h>
| #endif
| #ifdef HAVE_UNISTD_H
| # include <unistd.h>
| #endif
| #include <vfork.h>
configure:6237: result: no
configure:6237: checking vfork.h presence
configure:6237: gcc -E  conftest.c
conftest.c:42:19: fatal error: vfork.h: No such file or directory
compilation terminated.
configure:6237: $? = 1
configure: failed program was:
| /* confdefs.h */
| #define PACKAGE_NAME "CADIAPlayer"
| #define PACKAGE_TARNAME "cadiaplayer"
| #define PACKAGE_VERSION "3.0"
| #define PACKAGE_STRING "CADIAPlayer 3.0"
| #define PACKAGE_BUGREPORT "hif@ru.is"
| #define PACKAGE_URL ""
| #define PACKAGE "cadiaplayer"
| #define VERSION "3.0"
| #define LINUX 1
| #define HAVE_BOOST /**/
| #define HAVE_BOOST_SYSTEM /**/
| #define HAVE_LIBGMP 1
| #define HAVE_LIBNCURSES 1
| #define HAVE_LIBREADLINE 1
| #define HAVE_LIBM 1
| #define HAVE_LIBDL 1
| #define HAVE_LIBYAP 1
| #define USE_YAP 1
| #define USE_BREAKTHROUGH 1
| #define STDC_HEADERS 1
| #define HAVE_SYS_TYPES_H 1
| #define HAVE_SYS_STAT_H 1
| #define HAVE_STDLIB_H 1
| #define HAVE_STRING_H 1
| #define HAVE_MEMORY_H 1
| #define HAVE_STRINGS_H 1
| #define HAVE_INTTYPES_H 1
| #define HAVE_STDINT_H 1
| #define HAVE_UNISTD_H 1
| #define HAVE_FCNTL_H 1
| #define HAVE_INTTYPES_H 1
| #define HAVE_MEMORY_H 1
| #define HAVE_STDDEF_H 1
| #define HAVE_STDINT_H 1
| #define HAVE_STDLIB_H 1
| #define HAVE_STRING_H 1
| #define HAVE_UNISTD_H 1
| #define HAVE__BOOL 1
| #define HAVE_STDBOOL_H 1
| /* end confdefs.h.  */
| #include <vfork.h>
configure:6237: result: no
configure:6237: checking for vfork.h
configure:6237: result: no
configure:6250: checking for fork
configure:6250: gcc -o conftest -g -O2   conftest.c -lYap -ldl -lm -lreadline -lncurses -lgmp  >&5
conftest.c:65:6: warning: conflicting types for built-in function 'fork'
 char fork ();
      ^
configure:6250: $? = 0
configure:6250: result: yes
configure:6250: checking for vfork
configure:6250: gcc -o conftest -g -O2   conftest.c -lYap -ldl -lm -lreadline -lncurses -lgmp  >&5
configure:6250: $? = 0
configure:6250: result: yes
configure:6260: checking for working fork
configure:6282: gcc -o conftest -g -O2   conftest.c -lYap -ldl -lm -lreadline -lncurses -lgmp  >&5
configure:6282: $? = 0
configure:6282: ./conftest
configure:6282: $? = 0
configure:6292: result: yes
configure:6313: checking for working vfork
configure:6423: result: yes
configure:6450: checking for stdlib.h
configure:6450: result: yes
configure:6460: checking for GNU libc compatible malloc
configure:6484: gcc -o conftest -g -O2   conftest.c -lYap -ldl -lm -lreadline -lncurses -lgmp  >&5
configure:6484: $? = 0
configure:6484: ./conftest
configure:6484: $? = 0
configure:6494: result: yes
configure:6517: checking for stdlib.h
configure:6517: result: yes
configure:6527: checking for GNU libc compatible realloc
configure:6551: gcc -o conftest -g -O2   conftest.c -lYap -ldl -lm -lreadline -lncurses -lgmp  >&5
configure:6551: $? = 0
configure:6551: ./conftest
configure:6551: $? = 0
configure:6561: result: yes
configure:6585: checking for dup2
configure:6585: gcc -o conftest -g -O2   conftest.c -lYap -ldl -lm -lreadline -lncurses -lgmp  >&5
configure:6585: $? = 0
configure:6585: result: yes
configure:6585: checking for memset
configure:6585: gcc -o conftest -g -O2   conftest.c -lYap -ldl -lm -lreadline -lncurses -lgmp  >&5
conftest.c:74:6: warning: conflicting types for built-in function 'memset'
 char memset ();
      ^
configure:6585: $? = 0
configure:6585: result: yes
configure:6585: checking for mkdir
configure:6585: gcc -o conftest -g -O2   conftest.c -lYap -ldl -lm -lreadline -lncurses -lgmp  >&5
configure:6585: $? = 0
configure:6585: result: yes
configure:6585: checking for pow
configure:6585: gcc -o conftest -g -O2   conftest.c -lYap -ldl -lm -lreadline -lncurses -lgmp  >&5
conftest.c:76:6: warning: conflicting types for built-in function 'pow'
 char pow ();
      ^
configure:6585: $? = 0
configure:6585: result: yes
configure:6585: checking for socket
configure:6585: gcc -o conftest -g -O2   conftest.c -lYap -ldl -lm -lreadline -lncurses -lgmp  >&5
configure:6585: $? = 0
configure:6585: result: yes
configure:6585: checking for sqrt
configure:6585: gcc -o conftest -g -O2   conftest.c -lYap -ldl -lm -lreadline -lncurses -lgmp  >&5
conftest.c:78:6: warning: conflicting types for built-in function 'sqrt'
 char sqrt ();
      ^
configure:6585: $? = 0
configure:6585: result: yes
configure:6585: checking for strtol
configure:6585: gcc -o conftest -g -O2   conftest.c -lYap -ldl -lm -lreadline -lncurses -lgmp  >&5
configure:6585: $? = 0
configure:6585: result: yes
configure:6585: checking for strtoul
configure:6585: gcc -o conftest -g -O2   conftest.c -lYap -ldl -lm -lreadline -lncurses -lgmp  >&5
configure:6585: $? = 0
configure:6585: result: yes
configure:6760: checking that generated files are newer than configure
configure:6766: result: done
configure:6805: creating ./config.status

## ---------------------- ##
## Running config.status. ##
## ---------------------- ##

This file was extended by CADIAPlayer config.status 3.0, which was
generated by GNU Autoconf 2.69.  Invocation command line was

  CONFIG_FILES    = 
  CONFIG_HEADERS  = 
  CONFIG_LINKS    = 
  CONFIG_COMMANDS = 
  $ ./config.status 

on azhu8-VirtualBox

config.status:913: creating Makefile
config.status:913: creating agent/Makefile
config.status:913: creating play/parsing/Makefile
config.status:913: creating scripts/Makefile
config.status:913: creating server/Makefile
config.status:913: creating utils/Makefile
config.status:913: creating config.h
config.status:1142: executing depfiles commands

## ---------------- ##
## Cache variables. ##
## ---------------- ##

ac_cv_build=x86_64-unknown-linux-gnu
ac_cv_c_compiler_gnu=yes
ac_cv_c_inline=inline
ac_cv_c_int16_t=yes
ac_cv_c_int32_t=yes
ac_cv_c_int8_t=yes
ac_cv_c_uint16_t=yes
ac_cv_c_uint32_t=yes
ac_cv_c_uint64_t=yes
ac_cv_c_uint8_t=yes
ac_cv_cxx_compiler_gnu=yes
ac_cv_env_CCC_set=
ac_cv_env_CCC_value=
ac_cv_env_CC_set=
ac_cv_env_CC_value=
ac_cv_env_CFLAGS_set=
ac_cv_env_CFLAGS_value=
ac_cv_env_CPPFLAGS_set=
ac_cv_env_CPPFLAGS_value=
ac_cv_env_CPP_set=
ac_cv_env_CPP_value=
ac_cv_env_CXXFLAGS_set=
ac_cv_env_CXXFLAGS_value=
ac_cv_env_CXX_set=
ac_cv_env_CXX_value=
ac_cv_env_LDFLAGS_set=
ac_cv_env_LDFLAGS_value=
ac_cv_env_LIBS_set=
ac_cv_env_LIBS_value=
ac_cv_env_build_alias_set=
ac_cv_env_build_alias_value=
ac_cv_env_host_alias_set=
ac_cv_env_host_alias_value=
ac_cv_env_target_alias_set=
ac_cv_env_target_alias_value=
ac_cv_func_dup2=yes
ac_cv_func_fork=yes
ac_cv_func_fork_works=yes
ac_cv_func_malloc_0_nonnull=yes
ac_cv_func_memset=yes
ac_cv_func_mkdir=yes
ac_cv_func_pow=yes
ac_cv_func_realloc_0_nonnull=yes
ac_cv_func_socket=yes
ac_cv_func_sqrt=yes
ac_cv_func_strtol=yes
ac_cv_func_strtoul=yes
ac_cv_func_vfork=yes
ac_cv_func_vfork_works=yes
ac_cv_header_fcntl_h=yes
ac_cv_header_inttypes_h=yes
ac_cv_header_memory_h=yes
ac_cv_header_stdbool_h=yes
ac_cv_header_stdc=yes
ac_cv_header_stddef_h=yes
ac_cv_header_stdint_h=yes
ac_cv_header_stdlib_h=yes
ac_cv_header_string_h=yes
ac_cv_header_strings_h=yes
ac_cv_header_sys_stat_h=yes
ac_cv_header_sys_types_h=yes
ac_cv_header_unistd_h=yes
ac_cv_header_vfork_h=no
ac_cv_lib_Yap_YAP_MkVarTerm=yes
ac_cv_lib_boost_system___exit=yes
ac_cv_lib_dl_dlopen=yes
ac_cv_lib_error_at_line=yes
ac_cv_lib_gmp___gmpz_init=yes
ac_cv_lib_m_fetestexcept=yes
ac_cv_lib_ncurses_tputs=yes
ac_cv_lib_readline_readline=yes
ac_cv_objext=o
ac_cv_path_EGREP='/bin/grep -E'
ac_cv_path_GREP=/bin/grep
ac_cv_path_install='/usr/bin/install -c'
ac_cv_path_mkdir=/bin/mkdir
ac_cv_prog_AWK=mawk
ac_cv_prog_CPP='gcc -E'
ac_cv_prog_ac_ct_CC=gcc
ac_cv_prog_ac_ct_CXX=g++
ac_cv_prog_ac_ct_RANLIB=ranlib
ac_cv_prog_cc_c89=
ac_cv_prog_cc_g=yes
ac_cv_prog_cxx_g=yes
ac_cv_prog_make_make_set=yes
ac_cv_type__Bool=yes
ac_cv_type_pid_t=yes
ac_cv_type_size_t=yes
am_cv_CC_dependencies_compiler_type=gcc3
am_cv_CXX_dependencies_compiler_type=gcc3
ax_cv_boost_system=yes

## ----------------- ##
## Output variables. ##
## ----------------- ##

ACLOCAL='${SHELL} /home/azhu8/Documents/DM425/cadiaplayer-3.0/missing --run aclocal-1.12'
AMDEPBACKSLASH='\'
AMDEP_FALSE='#'
AMDEP_TRUE=''
AMTAR='$${TAR-tar}'
AUTOCONF='${SHELL} /home/azhu8/Documents/DM425/cadiaplayer-3.0/missing --run autoconf'
AUTOHEADER='${SHELL} /home/azhu8/Documents/DM425/cadiaplayer-3.0/missing --run autoheader'
AUTOMAKE='${SHELL} /home/azhu8/Documents/DM425/cadiaplayer-3.0/missing --run automake-1.12'
AWK='mawk'
BOOST_CPPFLAGS='-I/home/azhu8/Documents/DM425/boost_1_60_0'
BOOST_LDFLAGS='-L/home/azhu8/Documents/DM425/boost_1_60_0/stage/lib'
BOOST_SYSTEM_LIB='-lboost_system'
CC='gcc'
CCDEPMODE='depmode=gcc3'
CFLAGS='-g -O2 -O3'
CPP='gcc -E'
CPPFLAGS=' -I/home/azhu8/Documents/DM425/boost_1_60_0 -Wno-deprecated'
CXX='g++'
CXXDEPMODE='depmode=gcc3'
CXXFLAGS='-g -O2 -O3'
CYGPATH_W='echo'
DEFS='-DHAVE_CONFIG_H'
DEPDIR='.deps'
ECHO_C=''
ECHO_N='-n'
ECHO_T=''
EGREP='/bin/grep -E'
EXEEXT=''
GREP='/bin/grep'
HAVE_BREAKTHROUGH_FALSE='#'
HAVE_BREAKTHROUGH_TRUE=''
HAVE_ECLIPSE_FALSE=''
HAVE_ECLIPSE_TRUE='#'
HAVE_YAP_FALSE='#'
HAVE_YAP_TRUE=''
INSTALL_DATA='${INSTALL} -m 644'
INSTALL_PROGRAM='${INSTALL}'
INSTALL_SCRIPT='${INSTALL}'
INSTALL_STRIP_PROGRAM='$(install_sh) -c -s'
LDFLAGS=' -L/home/azhu8/Documents/DM425/boost_1_60_0/stage/lib'
LEX=':'
LEXLIB=''
LEX_OUTPUT_ROOT=''
LIBOBJS=''
LIBS='-lYap -ldl -lm -lreadline -lncurses -lgmp  -lboost_system'
LTLIBOBJS=''
MAKEINFO='${SHELL} /home/azhu8/Documents/DM425/cadiaplayer-3.0/missing --run makeinfo'
MKDIR_P='/bin/mkdir -p'
OBJEXT='o'
PACKAGE='cadiaplayer'
PACKAGE_BUGREPORT='hif@ru.is'
PACKAGE_NAME='CADIAPlayer'
PACKAGE_STRING='CADIAPlayer 3.0'
PACKAGE_TARNAME='cadiaplayer'
PACKAGE_URL=''
PACKAGE_VERSION='3.0'
PATH_SEPARATOR=':'
RANLIB='ranlib'
SET_MAKE=''
SHELL='/bin/bash'
STRIP=''
VERSION='3.0'
ac_ct_CC='gcc'
ac_ct_CXX='g++'
am__EXEEXT_FALSE=''
am__EXEEXT_TRUE='#'
am__fastdepCC_FALSE='#'
am__fastdepCC_TRUE=''
am__fastdepCXX_FALSE='#'
am__fastdepCXX_TRUE=''
am__include='include'
am__isrc=''
am__leading_dot='.'
am__nodep='_no'
am__quote=''
am__tar='$${TAR-tar} chof - "$$tardir"'
am__untar='$${TAR-tar} xf -'
bindir='${exec_prefix}/bin'
build='x86_64-unknown-linux-gnu'
build_alias=''
build_cpu='x86_64'
build_os='linux-gnu'
build_vendor='unknown'
datadir='${datarootdir}'
datarootdir='${prefix}/share'
docdir='${datarootdir}/doc/${PACKAGE_TARNAME}'
dvidir='${docdir}'
exec_prefix='${prefix}'
host_alias=''
htmldir='${docdir}'
includedir='${prefix}/include'
infodir='${datarootdir}/info'
install_sh='${SHELL} /home/azhu8/Documents/DM425/cadiaplayer-3.0/install-sh'
libdir='${exec_prefix}/lib'
libexecdir='${exec_prefix}/libexec'
localedir='${datarootdir}/locale'
localstatedir='${prefix}/var'
mandir='${datarootdir}/man'
mkdir_p='$(MKDIR_P)'
oldincludedir='/usr/include'
pdfdir='${docdir}'
prefix='/home/azhu8/Documents/DM425/cadiaplayer-3.0'
program_transform_name='s,x,x,'
psdir='${docdir}'
sbindir='${exec_prefix}/sbin'
sharedstatedir='${prefix}/com'
sysconfdir='${prefix}/etc'
target_alias=''

## ----------- ##
## confdefs.h. ##
## ----------- ##

/* confdefs.h */
#define PACKAGE_NAME "CADIAPlayer"
#define PACKAGE_TARNAME "cadiaplayer"
#define PACKAGE_VERSION "3.0"
#define PACKAGE_STRING "CADIAPlayer 3.0"
#define PACKAGE_BUGREPORT "hif@ru.is"
#define PACKAGE_URL ""
#define PACKAGE "cadiaplayer"
#define VERSION "3.0"
#define LINUX 1
#define HAVE_BOOST /**/
#define HAVE_BOOST_SYSTEM /**/
#define HAVE_LIBGMP 1
#define HAVE_LIBNCURSES 1
#define HAVE_LIBREADLINE 1
#define HAVE_LIBM 1
#define HAVE_LIBDL 1
#define HAVE_LIBYAP 1
#define USE_YAP 1
#define USE_BREAKTHROUGH 1
#define STDC_HEADERS 1
#define HAVE_SYS_TYPES_H 1
#define HAVE_SYS_STAT_H 1
#define HAVE_STDLIB_H 1
#define HAVE_STRING_H 1
#define HAVE_MEMORY_H 1
#define HAVE_STRINGS_H 1
#define HAVE_INTTYPES_H 1
#define HAVE_STDINT_H 1
#define HAVE_UNISTD_H 1
#define HAVE_FCNTL_H 1
#define HAVE_INTTYPES_H 1
#define HAVE_MEMORY_H 1
#define HAVE_STDDEF_H 1
#define HAVE_STDINT_H 1
#define HAVE_STDLIB_H 1
#define HAVE_STRING_H 1
#define HAVE_UNISTD_H 1
#define HAVE__BOOL 1
#define HAVE_STDBOOL_H 1
#define HAVE_FORK 1
#define HAVE_VFORK 1
#define HAVE_WORKING_VFORK 1
#define HAVE_WORKING_FORK 1
#define HAVE_STDLIB_H 1
#define HAVE_MALLOC 1
#define HAVE_STDLIB_H 1
#define HAVE_REALLOC 1
#define HAVE_DUP2 1
#define HAVE_MEMSET 1
#define HAVE_MKDIR 1
#define HAVE_POW 1
#define HAVE_SOCKET 1
#define HAVE_SQRT 1
#define HAVE_STRTOL 1
#define HAVE_STRTOUL 1

configure: exit 0
